<?xml version="1.0" encoding="UTF-8"?>
<!-- Generated by org.testng.reporters.JUnitXMLReporter -->
<testsuite ignored="0" hostname="DESKTOP-S76SA9N" failures="0" tests="5" name="Default test" time="23.677" errors="0" timestamp="2022-06-15T21:55:13 ICT">
  <testcase classname="com.nexsoft.test.LoginTest" name="login_validUnameAndPassword" time="5.928"/>
  <testcase classname="com.nexsoft.test.LoginTest" name="login_validUname_notValidPassword" time="1.73"/>
  <testcase classname="com.nexsoft.test.LoginTest" name="login_notValidUnameAndPassword" time="1.707"/>
  <testcase classname="com.nexsoft.test.LoginTest" name="login_emptyFields" time="1.945"/>
  <testcase classname="com.nexsoft.test.LoginTest" name="checkForgetPassword" time="1.524"/>
</testsuite> <!-- Default test -->
