<?xml version="1.0" encoding="UTF-8"?>
<!-- Generated by org.testng.reporters.JUnitXMLReporter -->
<testsuite ignored="0" hostname="DESKTOP-S76SA9N" failures="0" tests="5" name="Default test" time="20.104" errors="0" timestamp="2022-06-15T21:51:39 ICT">
  <testcase classname="com.nexsoft.test.LoginTest" name="login_validUnameAndPassword" time="3.405"/>
  <testcase classname="com.nexsoft.test.LoginTest" name="login_validUname_notValidPassword" time="1.713"/>
  <testcase classname="com.nexsoft.test.LoginTest" name="login_notValidUnameAndPassword" time="2.146"/>
  <testcase classname="com.nexsoft.test.LoginTest" name="login_emptyFields" time="2.56"/>
  <testcase classname="com.nexsoft.test.LoginTest" name="checkForgetPassword" time="2.25"/>
</testsuite> <!-- Default test -->
