<?xml version="1.0" encoding="UTF-8"?>
<testng-results ignored="0" total="1" passed="1" failed="0" skipped="0">
  <reporter-output>
  </reporter-output>
  <suite started-at="2022-06-15T20:17:45 ICT" name="Default suite" finished-at="2022-06-15T20:17:53 ICT" duration-ms="8598">
    <groups>
    </groups>
    <test started-at="2022-06-15T20:17:45 ICT" name="Default test" finished-at="2022-06-15T20:17:53 ICT" duration-ms="8598">
      <class name="com.nexsoft.test.LoginAndCRUDTest">
        <test-method is-config="true" signature="init()[pri:0, instance:com.nexsoft.test.LoginAndCRUDTest@52719fb6]" started-at="2022-06-15T20:17:45 ICT" name="init" finished-at="2022-06-15T20:17:48 ICT" duration-ms="3427" status="PASS">
          <reporter-output>
          </reporter-output>
        </test-method> <!-- init -->
        <test-method signature="loginAndGoToCRUD()[pri:0, instance:com.nexsoft.test.LoginAndCRUDTest@52719fb6]" started-at="2022-06-15T20:17:48 ICT" name="loginAndGoToCRUD" finished-at="2022-06-15T20:17:50 ICT" duration-ms="2058" status="PASS">
          <reporter-output>
          </reporter-output>
        </test-method> <!-- loginAndGoToCRUD -->
        <test-method is-config="true" signature="closeConn()[pri:0, instance:com.nexsoft.test.LoginAndCRUDTest@52719fb6]" started-at="2022-06-15T20:17:50 ICT" name="closeConn" finished-at="2022-06-15T20:17:53 ICT" duration-ms="3073" status="PASS">
          <reporter-output>
          </reporter-output>
        </test-method> <!-- closeConn -->
      </class> <!-- com.nexsoft.test.LoginAndCRUDTest -->
    </test> <!-- Default test -->
  </suite> <!-- Default suite -->
</testng-results>
