<?xml version="1.0" encoding="UTF-8"?>
<!-- Generated by org.testng.reporters.JUnitXMLReporter -->
<testsuite ignored="0" hostname="DESKTOP-S76SA9N" failures="0" tests="8" name="POM Testing" time="36.03" errors="0" timestamp="2022-06-16T00:19:15 ICT">
  <testcase classname="com.nexsoft.test.LoginTest" name="login_validUnameAndPassword" time="3.923"/>
  <testcase classname="com.nexsoft.test.LoginTest" name="login_validUname_notValidPassword" time="1.26"/>
  <testcase classname="com.nexsoft.test.LoginTest" name="login_notValidUnameAndPassword" time="1.244"/>
  <testcase classname="com.nexsoft.test.LoginTest" name="login_emptyFields" time="1.322"/>
  <testcase classname="com.nexsoft.test.LoginTest" name="checkForgetPassword" time="1.065"/>
  <testcase classname="com.nexsoft.test.LoginAndCRUDTest" name="login_goToCRUD_Absensi" time="4.977"/>
  <testcase classname="com.nexsoft.test.LoginAndCRUDTest" name="login_goToCRUD_TestDB" time="4.496"/>
  <testcase classname="com.nexsoft.test.LoginAndCRUDTest" name="login_goToCRUD_UserBiodata" time="4.777"/>
</testsuite> <!-- POM Testing -->
